#-----------------------------------------------------------
# Vivado v2024.2 (64-bit)
# SW Build 5239630 on Fri Nov 08 22:35:27 MST 2024
# IP Build 5239520 on Sun Nov 10 16:12:51 MST 2024
# SharedData Build 5239561 on Fri Nov 08 14:39:27 MST 2024
# Start of session at: Thu Mar  6 17:00:52 2025
# Process ID         : 17568
# Current directory  : C:/Users/limbo/Documents/GitHub/RISC V/project_1
# Command line       : vivado.exe -gui_launcher_event rodinguilauncherevent1656 C:\Users\limbo\Documents\GitHub\RISC V\project_1\project_1.xpr
# Log file           : C:/Users/limbo/Documents/GitHub/RISC V/project_1/vivado.log
# Journal file       : C:/Users/limbo/Documents/GitHub/RISC V/project_1\vivado.jou
# Running On         : BingBong
# Platform           : Windows Server 2016 or Windows 10
# Operating System   : 19045
# Processor Detail   : Intel(R) Core(TM) i7-9750H CPU @ 2.60GHz
# CPU Frequency      : 2592 MHz
# CPU Physical cores : 6
# CPU Logical cores  : 12
# Host memory        : 34199 MB
# Swap memory        : 5100 MB
# Total Virtual      : 39299 MB
# Available Virtual  : 30429 MB
#-----------------------------------------------------------
start_guioopen_project {C:/Users/limbo/Documents/GitHub/RISC V/project_1/project_1.xpr}IINFO: [filemgmt 56-3] Default IP Output Path : Could not find the directory 'C:/Users/limbo/Documents/GitHub/RISC V/project_1/project_1.gen/sources_1'.SScanning sources...Finished scanning sources
IINFO: [IP_Flow 19-234] Refreshing IP repositories
INFO: [IP_Flow 19-1704] No user IP repositories specifiedIINFO: [IP_Flow 19-2313] Loaded Vivado IP repository 'D:/Xilinx/Vivado/2024.2/data/ip'.oopen_project: Time (s): cpu = 00:00:13 ; elapsed = 00:01:08 . Memory (MB): peak = 1167.109 ; gain = 142.695uupdate_compile_order -fileset sources_1eexport_ip_user_files -of_objects  [get_files {{C:/Users/limbo/Documents/GitHub/RISC V/project_1/project_1.srcs/sources_1/new/ReCirculatingCalculator.v}}] -no_script -reset -force -quiet
remove_files  {{C:/Users/limbo/Documents/GitHub/RISC V/project_1/project_1.srcs/sources_1/new/ReCirculatingCalculator.v}}
close [ open {C:/Users/limbo/Documents/GitHub/RISC V/project_1/project_1.srcs/sources_1/new/PC.v} w ]
add_files {{C:/Users/limbo/Documents/GitHub/RISC V/project_1/project_1.srcs/sources_1/new/PC.v}}
export_ip_user_files -of_objects  [get_files {{C:/Users/limbo/Documents/GitHub/RISC V/project_1/project_1.srcs/sources_1/new/PC.v}}] -no_script -reset -force -quiet
remove_files  {{C:/Users/limbo/Documents/GitHub/RISC V/project_1/project_1.srcs/sources_1/new/PC.v}}
file delete -force {C:/Users/limbo/Documents/GitHub/RISC V/project_1/project_1.srcs/sources_1/new/PC.v}
close [ open {C:/Users/limbo/Documents/GitHub/RISC V/project_1/project_1.srcs/sources_1/new/ProgramCounter.v} w ]
add_files {{C:/Users/limbo/Documents/GitHub/RISC V/project_1/project_1.srcs/sources_1/new/ProgramCounter.v}}
close [ open {C:/Users/limbo/Documents/GitHub/RISC V/project_1/project_1.srcs/sources_1/new/Program_Memory.v} w ]
add_files {{C:/Users/limbo/Documents/GitHub/RISC V/project_1/project_1.srcs/sources_1/new/Program_Memory.v}}
update_compile_order -fileset sources_1
WARNING: [filemgmt 56-199] Attempt to get parsing info during refresh. "On-the-fly" syntax checking information may be incorrect. [C:\Users\limbo\Documents\GitHub\RISC V\project_1\project_1.srcs\sources_1\new\Program_Memory.v:]
WARNING: [filemgmt 56-199] Attempt to get parsing info during refresh. "On-the-fly" syntax checking information may be incorrect. [C:\Users\limbo\Documents\GitHub\RISC V\project_1\project_1.srcs\sources_1\new\ReCirculatingCalculator.v:]
WARNING: [filemgmt 56-199] Attempt to get parsing info during refresh. "On-the-fly" syntax checking information may be incorrect. [C:\Users\limbo\Documents\GitHub\RISC V\project_1\project_1.srcs\sources_1\new\ProgramCounter.v:]
WARNING: [filemgmt 56-199] Attempt to get parsing info during refresh. "On-the-fly" syntax checking information may be incorrect. [C:\Users\limbo\Documents\GitHub\RISC V\project_1\project_1.srcs\sources_1\new\Program_Memory.v:]
WARNING: [filemgmt 56-199] Attempt to get parsing info during refresh. "On-the-fly" syntax checking information may be incorrect. [C:\Users\limbo\Documents\GitHub\RISC V\project_1\project_1.srcs\sources_1\new\Program_Memory.v:]
ERROR: [Common 17-180] Spawn failed: No error
WARNING: [filemgmt 56-199] Attempt to get parsing info during refresh. "On-the-fly" syntax checking information may be incorrect. [C:\Users\limbo\Documents\GitHub\RISC V\project_1\project_1.srcs\sources_1\new\Program_Memory.v:]
WARNING: [filemgmt 56-199] Attempt to get parsing info during refresh. "On-the-fly" syntax checking information may be incorrect. [C:\Users\limbo\Documents\GitHub\RISC V\project_1\project_1.srcs\sources_1\new\ReCirculatingCalculator.v:]
WARNING: [filemgmt 56-199] Attempt to get parsing info during refresh. "On-the-fly" syntax checking information may be incorrect. [C:\Users\limbo\Documents\GitHub\RISC V\project_1\project_1.srcs\sources_1\new\ProgramCounter.v:]
WARNING: [filemgmt 56-199] Attempt to get parsing info during refresh. "On-the-fly" syntax checking information may be incorrect. [C:\Users\limbo\Documents\GitHub\RISC V\project_1\project_1.srcs\sources_1\new\Program_Memory.v:]
WARNING: [filemgmt 56-199] Attempt to get parsing info during refresh. "On-the-fly" syntax checking information may be incorrect. [C:\Users\limbo\Documents\GitHub\RISC V\project_1\project_1.srcs\sources_1\new\Program_Memory.v:]
ERROR: [Common 17-180] Spawn failed: No error
exit
INFO: [Common 17-206] Exiting Vivado at Thu Mar  6 18:44:24 2025...
